<?xml version="1.0" encoding="UTF-8"?>
<testng-results ignored="0" total="1" passed="1" failed="0" skipped="0">
  <reporter-output>
  </reporter-output>
  <suite started-at="2021-06-04T15:30:58 IST" name="Default suite" finished-at="2021-06-04T15:31:00 IST" duration-ms="2462">
    <groups>
    </groups>
    <test started-at="2021-06-04T15:30:58 IST" name="Default test" finished-at="2021-06-04T15:31:00 IST" duration-ms="2462">
      <class name="testGet">
        <test-method signature="test07()[pri:0, instance:testGet@4ef37659]" started-at="2021-06-04T15:30:58 IST" name="test07" finished-at="2021-06-04T15:31:00 IST" duration-ms="2426" status="PASS">
          <reporter-output>
          </reporter-output>
        </test-method> <!-- test07 -->
      </class> <!-- testGet -->
    </test> <!-- Default test -->
  </suite> <!-- Default suite -->
</testng-results>
